Using pre-set license
Built from '6000.0/staging' branch; Version is '6000.0.33f1 (433b0a79340b) revision 4406026'; Using compiler version '193933523'; Build Type 'Release'
OS: 'Windows 10  (10.0.19045) 64bit Professional' Language: 'en' Physical Memory: 65462 MB
BatchMode: 1, IsHumanControllingUs: 0, StartBugReporterOnCrash: 0, Is64bit: 1, IsPro: 1

COMMAND LINE ARGUMENTS:
C:\Program Files\Unity\Hub\Editor\6000.0.33f1\Editor\Unity.exe
-adb2
-batchMode
-noUpm
-name
AssetImportWorker4
-projectPath
C:/Users/Public/Public Git/Portal_Teleporting-Demo/Portal-Teleport-Demo
-logFile
Logs/AssetImportWorker4.log
-srvPort
62315
-job-worker-count
7
-background-job-worker-count
8
-gc-helper-count
1
Successfully changed project path to: C:/Users/Public/Public Git/Portal_Teleporting-Demo/Portal-Teleport-Demo
C:/Users/Public/Public Git/Portal_Teleporting-Demo/Portal-Teleport-Demo
[UnityMemory] Configuration Parameters - Can be set up in boot.config
    "memorysetup-bucket-allocator-granularity=16"
    "memorysetup-bucket-allocator-bucket-count=8"
    "memorysetup-bucket-allocator-block-size=33554432"
    "memorysetup-bucket-allocator-block-count=8"
    "memorysetup-main-allocator-block-size=16777216"
    "memorysetup-thread-allocator-block-size=16777216"
    "memorysetup-gfx-main-allocator-block-size=16777216"
    "memorysetup-gfx-thread-allocator-block-size=16777216"
    "memorysetup-cache-allocator-block-size=4194304"
    "memorysetup-typetree-allocator-block-size=2097152"
    "memorysetup-profiler-bucket-allocator-granularity=16"
    "memorysetup-profiler-bucket-allocator-bucket-count=8"
    "memorysetup-profiler-bucket-allocator-block-size=33554432"
    "memorysetup-profiler-bucket-allocator-block-count=8"
    "memorysetup-profiler-allocator-block-size=16777216"
    "memorysetup-profiler-editor-allocator-block-size=1048576"
    "memorysetup-temp-allocator-size-main=16777216"
    "memorysetup-job-temp-allocator-block-size=2097152"
    "memorysetup-job-temp-allocator-block-size-background=1048576"
    "memorysetup-job-temp-allocator-reduction-small-platforms=262144"
    "memorysetup-allocator-temp-initial-block-size-main=262144"
    "memorysetup-allocator-temp-initial-block-size-worker=262144"
    "memorysetup-temp-allocator-size-background-worker=32768"
    "memorysetup-temp-allocator-size-job-worker=262144"
    "memorysetup-temp-allocator-size-preload-manager=33554432"
    "memorysetup-temp-allocator-size-nav-mesh-worker=65536"
    "memorysetup-temp-allocator-size-audio-worker=65536"
    "memorysetup-temp-allocator-size-cloud-worker=32768"
    "memorysetup-temp-allocator-size-gi-baking-worker=262144"
    "memorysetup-temp-allocator-size-gi-baking-worker=262144"
    "memorysetup-temp-allocator-size-gi-baking-worker=262144"
    "memorysetup-temp-allocator-size-gi-baking-worker=262144"
    "memorysetup-temp-allocator-size-gi-baking-worker=262144"
    "memorysetup-temp-allocator-size-gfx=262144"
Player connection [34328]  Target information:

Player connection [34328]  * "[IP] 192.168.159.57 [Port] 0 [Flags] 2 [Guid] 3428799819 [EditorId] 3428799819 [Version] 1048832 [Id] WindowsEditor(7,DESKTOP-MP6OB76) [Debug] 1 [PackageName] WindowsEditor [ProjectName] Editor" 

Player connection [34328]  * "[IP] 172.29.144.1 [Port] 0 [Flags] 2 [Guid] 3428799819 [EditorId] 3428799819 [Version] 1048832 [Id] WindowsEditor(7,DESKTOP-MP6OB76) [Debug] 1 [PackageName] WindowsEditor [ProjectName] Editor" 

Player connection [34328] Host joined multi-casting on [225.0.0.222:54997]...
Player connection [34328] Host joined alternative multi-casting on [225.0.0.222:34997]...
JobSystem: Creating JobQueue using job-worker-count value 7
[Physics::Module] Initialized fallback backend.
[Physics::Module] Id: 0xdecafbad
Library Redirect Path: Library/
[Physics::Module] Selected backend.
[Physics::Module] Name: PhysX
[Physics::Module] Id: 0xf2b8ea05
[Physics::Module] SDK Version: 4.1.2
[Physics::Module] Integration Version: 1.0.0
[Physics::Module] Threading Mode: Multi-Threaded
Refreshing native plugins compatible for Editor in 3.22 ms, found 4 plugins.
Preloading 0 native plugins for Editor in 0.00 ms.
Initialize engine version: 6000.0.33f1 (433b0a79340b)
[Subsystems] Discovering subsystems at path C:/Program Files/Unity/Hub/Editor/6000.0.33f1/Editor/Data/Resources/UnitySubsystems
[Subsystems] Discovering subsystems at path C:/Users/Public/Public Git/Portal_Teleporting-Demo/Portal-Teleport-Demo/Assets
GfxDevice: creating device client; kGfxThreadingModeNonThreaded
Direct3D:
    Version:  Direct3D 11.0 [level 11.1]
    Renderer: NVIDIA GeForce GT 1030 (ID=0x1d01)
    Vendor:   NVIDIA
    VRAM:     1967 MB
    Driver:   32.0.15.6094
Initialize mono
Mono path[0] = 'C:/Program Files/Unity/Hub/Editor/6000.0.33f1/Editor/Data/Managed'
Mono path[1] = 'C:/Program Files/Unity/Hub/Editor/6000.0.33f1/Editor/Data/MonoBleedingEdge/lib/mono/unityjit-win32'
Mono config path = 'C:/Program Files/Unity/Hub/Editor/6000.0.33f1/Editor/Data/MonoBleedingEdge/etc'
Using monoOptions --debugger-agent=transport=dt_socket,embedding=1,server=y,suspend=n,address=127.0.0.1:56704
Begin MonoManager ReloadAssembly
Registering precompiled unity dll's ...
Register platform support module: C:/Program Files/Unity/Hub/Editor/6000.0.33f1/Editor/Data/PlaybackEngines/WebGLSupport/UnityEditor.WebGL.Extensions.dll
Register platform support module: C:/Program Files/Unity/Hub/Editor/6000.0.33f1/Editor/Data/PlaybackEngines/WindowsStandaloneSupport/UnityEditor.WindowsStandalone.Extensions.dll
Registered in 0.004994 seconds.
- Loaded All Assemblies, in  0.349 seconds
Native extension for WindowsStandalone target not found
Native extension for WebGL target not found
Mono: successfully reloaded assembly
- Finished resetting the current domain, in  0.263 seconds
Domain Reload Profiling: 608ms
	BeginReloadAssembly (119ms)
		ExecutionOrderSort (0ms)
		DisableScriptedObjects (0ms)
		BackupInstance (0ms)
		ReleaseScriptingObjects (0ms)
		CreateAndSetChildDomain (1ms)
	RebuildCommonClasses (31ms)
	RebuildNativeTypeToScriptingClass (10ms)
	initialDomainReloadingComplete (49ms)
	LoadAllAssembliesAndSetupDomain (136ms)
		LoadAssemblies (116ms)
		RebuildTransferFunctionScriptingTraits (0ms)
		AnalyzeDomain (133ms)
			TypeCache.Refresh (132ms)
				TypeCache.ScanAssembly (120ms)
			BuildScriptInfoCaches (0ms)
			ResolveRequiredComponents (0ms)
	FinalizeReload (263ms)
		ReleaseScriptCaches (0ms)
		RebuildScriptCaches (0ms)
		SetupLoadedEditorAssemblies (228ms)
			LogAssemblyErrors (0ms)
			InitializePlatformSupportModulesInManaged (25ms)
			SetLoadedEditorAssemblies (4ms)
			BeforeProcessingInitializeOnLoad (42ms)
			ProcessInitializeOnLoadAttributes (115ms)
			ProcessInitializeOnLoadMethodAttributes (42ms)
			AfterProcessingInitializeOnLoad (0ms)
			EditorAssembliesLoaded (0ms)
		ExecutionOrderSort2 (0ms)
		AwakeInstancesAfterBackupRestoration (0ms)
========================================================================
Worker process is ready to serve import requests
Import Worker Mode flag is 0x00
Begin MonoManager ReloadAssembly
- Loaded All Assemblies, in  0.731 seconds
Refreshing native plugins compatible for Editor in 1.74 ms, found 4 plugins.
Native extension for WindowsStandalone target not found
Native extension for WebGL target not found
Mono: successfully reloaded assembly
- Finished resetting the current domain, in  0.707 seconds
Domain Reload Profiling: 1430ms
	BeginReloadAssembly (153ms)
		ExecutionOrderSort (0ms)
		DisableScriptedObjects (5ms)
		BackupInstance (0ms)
		ReleaseScriptingObjects (0ms)
		CreateAndSetChildDomain (29ms)
	RebuildCommonClasses (29ms)
	RebuildNativeTypeToScriptingClass (9ms)
	initialDomainReloadingComplete (36ms)
	LoadAllAssembliesAndSetupDomain (496ms)
		LoadAssemblies (348ms)
		RebuildTransferFunctionScriptingTraits (0ms)
		AnalyzeDomain (236ms)
			TypeCache.Refresh (152ms)
				TypeCache.ScanAssembly (137ms)
			BuildScriptInfoCaches (72ms)
			ResolveRequiredComponents (9ms)
	FinalizeReload (707ms)
		ReleaseScriptCaches (0ms)
		RebuildScriptCaches (0ms)
		SetupLoadedEditorAssemblies (576ms)
			LogAssemblyErrors (0ms)
			InitializePlatformSupportModulesInManaged (2ms)
			SetLoadedEditorAssemblies (5ms)
			BeforeProcessingInitializeOnLoad (107ms)
			ProcessInitializeOnLoadAttributes (352ms)
			ProcessInitializeOnLoadMethodAttributes (102ms)
			AfterProcessingInitializeOnLoad (9ms)
			EditorAssembliesLoaded (0ms)
		ExecutionOrderSort2 (0ms)
		AwakeInstancesAfterBackupRestoration (6ms)
Launched and connected shader compiler UnityShaderCompiler.exe after 0.01 seconds
Refreshing native plugins compatible for Editor in 1.86 ms, found 4 plugins.
Preloading 0 native plugins for Editor in 0.00 ms.
Unloading 206 Unused Serialized files (Serialized files now loaded: 0)
Unloading 6526 unused Assets / (3.7 MB). Loaded Objects now: 7224.
Memory consumption went from 171.3 MB to 167.6 MB.
Total: 6.931800 ms (FindLiveObjects: 0.726500 ms CreateObjectMapping: 0.307100 ms MarkObjects: 4.134800 ms  DeleteObjects: 1.762800 ms)

========================================================================
Received Import Request.
  Time since last request: 690970.842248 seconds.
  path: Assets/Sprites/New Palette.prefab
  artifactKey: Guid(c995ae0d04c484e4396581d1e4d53e9d) Importer(815301076,1909f56bfc062723c751e8b465ee728b)
Start importing Assets/Sprites/New Palette.prefab using Guid(c995ae0d04c484e4396581d1e4d53e9d) Importer(815301076,1909f56bfc062723c751e8b465ee728b) (PreviewImporter) -> (artifact id: 'da07b69d1c98c580f5b4f7bac8411b6a') in 0.437264 seconds
Number of updated asset objects reloaded before import = 0Number of asset objects unloaded after import = 43

========================================================================
Received Import Request.
  Time since last request: 60.640433 seconds.
  path: Assets/Sprites/tilemap.png
  artifactKey: Guid(9e70582c265265f4eba000945eb9ea49) Importer(815301076,1909f56bfc062723c751e8b465ee728b)
Start importing Assets/Sprites/tilemap.png using Guid(9e70582c265265f4eba000945eb9ea49) Importer(815301076,1909f56bfc062723c751e8b465ee728b) (PreviewImporter) -> (artifact id: '60c175c50e2124a8418bca2b1503d882') in 0.4026759 seconds
Number of updated asset objects reloaded before import = 0Number of asset objects unloaded after import = 182

========================================================================
Received Import Request.
  Time since last request: 14.616088 seconds.
  path: Assets/Sprites/tilemap.png
  artifactKey: Guid(9e70582c265265f4eba000945eb9ea49) Importer(815301076,1909f56bfc062723c751e8b465ee728b)
Start importing Assets/Sprites/tilemap.png using Guid(9e70582c265265f4eba000945eb9ea49) Importer(815301076,1909f56bfc062723c751e8b465ee728b) (PreviewImporter) -> (artifact id: '64bcacd66817ae7b0d035df19e0c76b1') in 0.1648118 seconds
Number of updated asset objects reloaded before import = 0Number of asset objects unloaded after import = 182

========================================================================
Received Import Request.
  Time since last request: 9.398233 seconds.
  path: Assets/Sprites/tilemap.png
  artifactKey: Guid(9e70582c265265f4eba000945eb9ea49) Importer(815301076,1909f56bfc062723c751e8b465ee728b)
Start importing Assets/Sprites/tilemap.png using Guid(9e70582c265265f4eba000945eb9ea49) Importer(815301076,1909f56bfc062723c751e8b465ee728b) (PreviewImporter) -> (artifact id: '9af050a65576979dbe9a9dadbe580c0e') in 0.1574353 seconds
Number of updated asset objects reloaded before import = 0Number of asset objects unloaded after import = 182

========================================================================
Received Import Request.
  Time since last request: 159.452805 seconds.
  path: Assets/Sprites/New Palette.prefab
  artifactKey: Guid(c995ae0d04c484e4396581d1e4d53e9d) Importer(815301076,1909f56bfc062723c751e8b465ee728b)
Start importing Assets/Sprites/New Palette.prefab using Guid(c995ae0d04c484e4396581d1e4d53e9d) Importer(815301076,1909f56bfc062723c751e8b465ee728b) (PreviewImporter) -> (artifact id: 'b607ab48be3b81837668966a62686d4b') in 0.0159366 seconds
Number of updated asset objects reloaded before import = 0Number of asset objects unloaded after import = 42

========================================================================
Received Import Request.
  Time since last request: 0.929255 seconds.
  path: Assets/Sprites/New Palette.prefab
  artifactKey: Guid(c995ae0d04c484e4396581d1e4d53e9d) Importer(2089858483,192608db42251d675da83286b1cce702)
Start importing Assets/Sprites/New Palette.prefab using Guid(c995ae0d04c484e4396581d1e4d53e9d) Importer(2089858483,192608db42251d675da83286b1cce702) (ScriptedImporter) -> (artifact id: '3a3243ab45e08b23eca2a3a5f8ae53e0') in 0.1326285 seconds
Number of updated asset objects reloaded before import = 0Number of asset objects unloaded after import = 10

========================================================================
Received Import Request.
  Time since last request: 22.189474 seconds.
  path: Assets/Sprites/Terrain Rule Tiles.prefab
  artifactKey: Guid(e231f5939cdc4e7439975cc430ec3b4c) Importer(815301076,1909f56bfc062723c751e8b465ee728b)
Start importing Assets/Sprites/Terrain Rule Tiles.prefab using Guid(e231f5939cdc4e7439975cc430ec3b4c) Importer(815301076,1909f56bfc062723c751e8b465ee728b) (PreviewImporter) -> (artifact id: 'ecbd9fc5de95285be7a3a1ceef02a486') in 0.0055804 seconds
Number of updated asset objects reloaded before import = 0Number of asset objects unloaded after import = 10

========================================================================
Received Import Request.
  Time since last request: 0.882404 seconds.
  path: Assets/Sprites/Terrain Rule Tiles.prefab
  artifactKey: Guid(e231f5939cdc4e7439975cc430ec3b4c) Importer(2089858483,192608db42251d675da83286b1cce702)
Start importing Assets/Sprites/Terrain Rule Tiles.prefab using Guid(e231f5939cdc4e7439975cc430ec3b4c) Importer(2089858483,192608db42251d675da83286b1cce702) (ScriptedImporter) -> (artifact id: 'a66e69e503b0ef46c402746449560104') in 0.0056008 seconds
Number of updated asset objects reloaded before import = 0Number of asset objects unloaded after import = 10

========================================================================
Received Import Request.
  Time since last request: 2.763677 seconds.
  path: Assets/Sprites/Terrain Rule Tiles.prefab
  artifactKey: Guid(e231f5939cdc4e7439975cc430ec3b4c) Importer(815301076,1909f56bfc062723c751e8b465ee728b)
Start importing Assets/Sprites/Terrain Rule Tiles.prefab using Guid(e231f5939cdc4e7439975cc430ec3b4c) Importer(815301076,1909f56bfc062723c751e8b465ee728b) (PreviewImporter) -> (artifact id: 'bf3fdb1ab9d0b60f5328c858961450e9') in 0.0134963 seconds
Number of updated asset objects reloaded before import = 0Number of asset objects unloaded after import = 50

========================================================================
Received Import Request.
  Time since last request: 0.936284 seconds.
  path: Assets/Sprites/Terrain Rule Tiles.prefab
  artifactKey: Guid(e231f5939cdc4e7439975cc430ec3b4c) Importer(2089858483,192608db42251d675da83286b1cce702)
Start importing Assets/Sprites/Terrain Rule Tiles.prefab using Guid(e231f5939cdc4e7439975cc430ec3b4c) Importer(2089858483,192608db42251d675da83286b1cce702) (ScriptedImporter) -> (artifact id: 'fb9dca85ebe426e8a64b91381495b4aa') in 0.0052756 seconds
Number of updated asset objects reloaded before import = 0Number of asset objects unloaded after import = 10

========================================================================
Received Import Request.
  Time since last request: 971.356559 seconds.
  path: Assets/Sprites/tilemap_16.asset
  artifactKey: Guid(b2b4a0d861cf53d4b96cd20c32d18363) Importer(815301076,1909f56bfc062723c751e8b465ee728b)
Start importing Assets/Sprites/tilemap_16.asset using Guid(b2b4a0d861cf53d4b96cd20c32d18363) Importer(815301076,1909f56bfc062723c751e8b465ee728b) (PreviewImporter) -> (artifact id: 'c887f84f3125a869bab4f33c78eff7e3') in 0.0357011 seconds
Number of updated asset objects reloaded before import = 0Number of asset objects unloaded after import = 3

========================================================================
Received Import Request.
  Time since last request: 0.000036 seconds.
  path: Assets/Sprites/tilemap_18.asset
  artifactKey: Guid(3b8d20ff60a6c654da884b6b3788d890) Importer(815301076,1909f56bfc062723c751e8b465ee728b)
Start importing Assets/Sprites/tilemap_18.asset using Guid(3b8d20ff60a6c654da884b6b3788d890) Importer(815301076,1909f56bfc062723c751e8b465ee728b) (PreviewImporter) -> (artifact id: '8f194ebc43bf2c1f4d7b4f472cb8503d') in 0.0051271 seconds
Number of updated asset objects reloaded before import = 0Number of asset objects unloaded after import = 3

========================================================================
Received Import Request.
  Time since last request: 0.000019 seconds.
  path: Assets/Sprites/tilemap_56.asset
  artifactKey: Guid(1178cd4807703e44587dd0e7abb439c8) Importer(815301076,1909f56bfc062723c751e8b465ee728b)
Start importing Assets/Sprites/tilemap_56.asset using Guid(1178cd4807703e44587dd0e7abb439c8) Importer(815301076,1909f56bfc062723c751e8b465ee728b) (PreviewImporter) -> (artifact id: '5fd88ee9cdcdf432c7217dfe3731b4ae') in 0.0048732 seconds
Number of updated asset objects reloaded before import = 0Number of asset objects unloaded after import = 3

========================================================================
Received Import Request.
  Time since last request: 0.000020 seconds.
  path: Assets/Sprites/tilemap_39.asset
  artifactKey: Guid(661d67084946b6749964c88309cd7d3c) Importer(815301076,1909f56bfc062723c751e8b465ee728b)
Start importing Assets/Sprites/tilemap_39.asset using Guid(661d67084946b6749964c88309cd7d3c) Importer(815301076,1909f56bfc062723c751e8b465ee728b) (PreviewImporter) -> (artifact id: '0270513139fdd076a5213b959813c544') in 0.0054243 seconds
Number of updated asset objects reloaded before import = 0Number of asset objects unloaded after import = 3

========================================================================
Received Import Request.
  Time since last request: 0.139582 seconds.
  path: Assets/Sprites/tilemap_57.asset
  artifactKey: Guid(ec5108cf65632e346be520dd8317543f) Importer(815301076,1909f56bfc062723c751e8b465ee728b)
Start importing Assets/Sprites/tilemap_57.asset using Guid(ec5108cf65632e346be520dd8317543f) Importer(815301076,1909f56bfc062723c751e8b465ee728b) (PreviewImporter) -> (artifact id: 'b553fe149c0c49f8bc8f4576298552ac') in 0.005108 seconds
Number of updated asset objects reloaded before import = 0Number of asset objects unloaded after import = 3

========================================================================
Received Import Request.
  Time since last request: 0.000022 seconds.
  path: Assets/Sprites/tilemap_78.asset
  artifactKey: Guid(2f4b6c5463fc4304f86c134580b05b1d) Importer(815301076,1909f56bfc062723c751e8b465ee728b)
Start importing Assets/Sprites/tilemap_78.asset using Guid(2f4b6c5463fc4304f86c134580b05b1d) Importer(815301076,1909f56bfc062723c751e8b465ee728b) (PreviewImporter) -> (artifact id: '5dd16fd67ebacabe3868e20979e72ab1') in 0.0055608 seconds
Number of updated asset objects reloaded before import = 0Number of asset objects unloaded after import = 3

========================================================================
Received Import Request.
  Time since last request: 0.000021 seconds.
  path: Assets/Sprites/tilemap_59.asset
  artifactKey: Guid(0ae2a103d69d2de43bb17bd4f1f307de) Importer(815301076,1909f56bfc062723c751e8b465ee728b)
Start importing Assets/Sprites/tilemap_59.asset using Guid(0ae2a103d69d2de43bb17bd4f1f307de) Importer(815301076,1909f56bfc062723c751e8b465ee728b) (PreviewImporter) -> (artifact id: 'ad18bf49108140ba97b5aa4f1ffa31a7') in 0.005391 seconds
Number of updated asset objects reloaded before import = 0Number of asset objects unloaded after import = 3

========================================================================
Received Import Request.
  Time since last request: 0.000032 seconds.
  path: Assets/Sprites/tilemap_76.asset
  artifactKey: Guid(fade43334f76f6f459090f0df1eea9cd) Importer(815301076,1909f56bfc062723c751e8b465ee728b)
Start importing Assets/Sprites/tilemap_76.asset using Guid(fade43334f76f6f459090f0df1eea9cd) Importer(815301076,1909f56bfc062723c751e8b465ee728b) (PreviewImporter) -> (artifact id: 'd76b0e489715a5ccd3fa38b71adfc81b') in 0.0047922 seconds
Number of updated asset objects reloaded before import = 0Number of asset objects unloaded after import = 3

========================================================================
Received Import Request.
  Time since last request: 19.723618 seconds.
  path: Assets/Sprites/Terrain
  artifactKey: Guid(5215c6c7bc9f7d3449e54e9980874e33) Importer(815301076,1909f56bfc062723c751e8b465ee728b)
Start importing Assets/Sprites/Terrain using Guid(5215c6c7bc9f7d3449e54e9980874e33) Importer(815301076,1909f56bfc062723c751e8b465ee728b) (PreviewImporter) -> (artifact id: 'bb38b8775b25af3ebc7a0fd43820d276') in 0.0005641 seconds
Number of updated asset objects reloaded before import = 0Number of asset objects unloaded after import = 0

========================================================================
Received Import Request.
  Time since last request: 0.907569 seconds.
  path: Assets/Sprites/Terrain
  artifactKey: Guid(5215c6c7bc9f7d3449e54e9980874e33) Importer(2089858483,192608db42251d675da83286b1cce702)
Start importing Assets/Sprites/Terrain using Guid(5215c6c7bc9f7d3449e54e9980874e33) Importer(2089858483,192608db42251d675da83286b1cce702) (ScriptedImporter) -> (artifact id: '679eefe900933a1e6272dc3d38ba1153') in 0.0039704 seconds
Number of updated asset objects reloaded before import = 0Number of asset objects unloaded after import = 1

========================================================================
Received Import Request.
  Time since last request: 21.949177 seconds.
  path: Assets/Sprites/New Palette.prefab
  artifactKey: Guid(c995ae0d04c484e4396581d1e4d53e9d) Importer(815301076,1909f56bfc062723c751e8b465ee728b)
Start importing Assets/Sprites/New Palette.prefab using Guid(c995ae0d04c484e4396581d1e4d53e9d) Importer(815301076,1909f56bfc062723c751e8b465ee728b) (PreviewImporter) -> (artifact id: '827401712cba220b7f5432b2730d687a') in 0.0169957 seconds
Number of updated asset objects reloaded before import = 0Number of asset objects unloaded after import = 43

========================================================================
Received Import Request.
  Time since last request: 0.901760 seconds.
  path: Assets/Sprites/Terrain/Terrain.asset
  artifactKey: Guid(9079e3f334a25674ba6e2d4a7076650b) Importer(2089858483,192608db42251d675da83286b1cce702)
Start importing Assets/Sprites/Terrain/Terrain.asset using Guid(9079e3f334a25674ba6e2d4a7076650b) Importer(2089858483,192608db42251d675da83286b1cce702) (ScriptedImporter) -> (artifact id: '6a979e4a7820ddc4687c10708b3633ef') in 0.0097128 seconds
Number of updated asset objects reloaded before import = 0Number of asset objects unloaded after import = 16

========================================================================
Received Import Request.
  Time since last request: 2.948094 seconds.
  path: Assets/Sprites/Terrain/New Palette.prefab
  artifactKey: Guid(c995ae0d04c484e4396581d1e4d53e9d) Importer(2089858483,192608db42251d675da83286b1cce702)
Start importing Assets/Sprites/Terrain/New Palette.prefab using Guid(c995ae0d04c484e4396581d1e4d53e9d) Importer(2089858483,192608db42251d675da83286b1cce702) (ScriptedImporter) -> (artifact id: 'be7d41855f5bacca272780da8c0e71e7') in 0.008493 seconds
Number of updated asset objects reloaded before import = 0Number of asset objects unloaded after import = 10

========================================================================
Received Import Request.
  Time since last request: 8.173282 seconds.
  path: Assets/Sprites/Terrain/Terrain Rule Tiles.prefab
  artifactKey: Guid(e231f5939cdc4e7439975cc430ec3b4c) Importer(2089858483,192608db42251d675da83286b1cce702)
Start importing Assets/Sprites/Terrain/Terrain Rule Tiles.prefab using Guid(e231f5939cdc4e7439975cc430ec3b4c) Importer(2089858483,192608db42251d675da83286b1cce702) (ScriptedImporter) -> (artifact id: '38dc89103144755875319a86ca9d9101') in 0.0066967 seconds
Number of updated asset objects reloaded before import = 0Number of asset objects unloaded after import = 10

========================================================================
Received Import Request.
  Time since last request: 4.466804 seconds.
  path: Assets/Sprites/Terrain/tilemap_17.asset
  artifactKey: Guid(3ed827a15d1877c4a97876083ff0c006) Importer(2089858483,192608db42251d675da83286b1cce702)
Start importing Assets/Sprites/Terrain/tilemap_17.asset using Guid(3ed827a15d1877c4a97876083ff0c006) Importer(2089858483,192608db42251d675da83286b1cce702) (ScriptedImporter) -> (artifact id: '7fa8cbc6cf6416cb9c91ccdbfcfbbbd1') in 0.0136236 seconds
Number of updated asset objects reloaded before import = 0Number of asset objects unloaded after import = 2

========================================================================
Received Import Request.
  Time since last request: 0.000027 seconds.
  path: Assets/Sprites/Terrain/tilemap_38.asset
  artifactKey: Guid(64d1089d7c224484c840a0bee3ca87b6) Importer(2089858483,192608db42251d675da83286b1cce702)
Start importing Assets/Sprites/Terrain/tilemap_38.asset using Guid(64d1089d7c224484c840a0bee3ca87b6) Importer(2089858483,192608db42251d675da83286b1cce702) (ScriptedImporter) -> (artifact id: '19728522131bd842dbff6aad6700fd0d') in 0.0088917 seconds
Number of updated asset objects reloaded before import = 0Number of asset objects unloaded after import = 2

========================================================================
Received Import Request.
  Time since last request: 0.000025 seconds.
  path: Assets/Sprites/Terrain/tilemap_78.asset
  artifactKey: Guid(2f4b6c5463fc4304f86c134580b05b1d) Importer(2089858483,192608db42251d675da83286b1cce702)
Start importing Assets/Sprites/Terrain/tilemap_78.asset using Guid(2f4b6c5463fc4304f86c134580b05b1d) Importer(2089858483,192608db42251d675da83286b1cce702) (ScriptedImporter) -> (artifact id: '170a6cd70a6889abe7915a1891656cb6') in 0.0067613 seconds
Number of updated asset objects reloaded before import = 0Number of asset objects unloaded after import = 2

========================================================================
Received Import Request.
  Time since last request: 0.000023 seconds.
  path: Assets/Sprites/Terrain/tilemap_56.asset
  artifactKey: Guid(1178cd4807703e44587dd0e7abb439c8) Importer(2089858483,192608db42251d675da83286b1cce702)
Start importing Assets/Sprites/Terrain/tilemap_56.asset using Guid(1178cd4807703e44587dd0e7abb439c8) Importer(2089858483,192608db42251d675da83286b1cce702) (ScriptedImporter) -> (artifact id: '88d415afb2daf8d86f57219f6b613a93') in 0.0071563 seconds
Number of updated asset objects reloaded before import = 0Number of asset objects unloaded after import = 2

========================================================================
Received Import Request.
  Time since last request: 0.000025 seconds.
  path: Assets/Sprites/Terrain/tilemap_57.asset
  artifactKey: Guid(ec5108cf65632e346be520dd8317543f) Importer(2089858483,192608db42251d675da83286b1cce702)
Start importing Assets/Sprites/Terrain/tilemap_57.asset using Guid(ec5108cf65632e346be520dd8317543f) Importer(2089858483,192608db42251d675da83286b1cce702) (ScriptedImporter) -> (artifact id: '016f22b417f01fbae750771a749af06f') in 0.0054243 seconds
Number of updated asset objects reloaded before import = 0Number of asset objects unloaded after import = 2

========================================================================
Received Import Request.
  Time since last request: 0.000029 seconds.
  path: Assets/Sprites/Terrain/tilemap_19.asset
  artifactKey: Guid(ee28cd3bf8f04c44da8dfc23a2f2b391) Importer(2089858483,192608db42251d675da83286b1cce702)
Start importing Assets/Sprites/Terrain/tilemap_19.asset using Guid(ee28cd3bf8f04c44da8dfc23a2f2b391) Importer(2089858483,192608db42251d675da83286b1cce702) (ScriptedImporter) -> (artifact id: '6e43e2b64bf790c2bfd5d219ff07629e') in 0.0055185 seconds
Number of updated asset objects reloaded before import = 0Number of asset objects unloaded after import = 2

========================================================================
Received Import Request.
  Time since last request: 0.000028 seconds.
  path: Assets/Sprites/Terrain/tilemap_39.asset
  artifactKey: Guid(661d67084946b6749964c88309cd7d3c) Importer(2089858483,192608db42251d675da83286b1cce702)
Start importing Assets/Sprites/Terrain/tilemap_39.asset using Guid(661d67084946b6749964c88309cd7d3c) Importer(2089858483,192608db42251d675da83286b1cce702) (ScriptedImporter) -> (artifact id: '3217243e89e906326debef79118cce7a') in 0.0055303 seconds
Number of updated asset objects reloaded before import = 0Number of asset objects unloaded after import = 2

========================================================================
Received Import Request.
  Time since last request: 31.834976 seconds.
  path: Assets/Sprites/Terrain/Terrain Rule Tiles.prefab
  artifactKey: Guid(e231f5939cdc4e7439975cc430ec3b4c) Importer(815301076,1909f56bfc062723c751e8b465ee728b)
Start importing Assets/Sprites/Terrain/Terrain Rule Tiles.prefab using Guid(e231f5939cdc4e7439975cc430ec3b4c) Importer(815301076,1909f56bfc062723c751e8b465ee728b) (PreviewImporter) -> (artifact id: '4d8b77368715899d139fcaa95fe6d82a') in 0.0101736 seconds
Number of updated asset objects reloaded before import = 0Number of asset objects unloaded after import = 27

========================================================================
Received Import Request.
  Time since last request: 106.305734 seconds.
  path: Assets/Sprites/Background
  artifactKey: Guid(f2b85153eecb6f7499167735aaa107af) Importer(815301076,1909f56bfc062723c751e8b465ee728b)
Start importing Assets/Sprites/Background using Guid(f2b85153eecb6f7499167735aaa107af) Importer(815301076,1909f56bfc062723c751e8b465ee728b) (PreviewImporter) -> (artifact id: '3cbce6135b21d29c9da5daeaa0cbb10b') in 0.0009786 seconds
Number of updated asset objects reloaded before import = 0Number of asset objects unloaded after import = 0

========================================================================
Received Import Request.
  Time since last request: 0.911117 seconds.
  path: Assets/Sprites/Background
  artifactKey: Guid(f2b85153eecb6f7499167735aaa107af) Importer(2089858483,192608db42251d675da83286b1cce702)
Start importing Assets/Sprites/Background using Guid(f2b85153eecb6f7499167735aaa107af) Importer(2089858483,192608db42251d675da83286b1cce702) (ScriptedImporter) -> (artifact id: '4f699d1da68498d11df440414490f106') in 0.0032067 seconds
Number of updated asset objects reloaded before import = 0Number of asset objects unloaded after import = 1

========================================================================
Received Import Request.
  Time since last request: 32.691315 seconds.
  path: Assets/Sprites/Background/Background.prefab
  artifactKey: Guid(3c67b9d473036cd4a94eecdf37abbdaa) Importer(2089858483,192608db42251d675da83286b1cce702)
Start importing Assets/Sprites/Background/Background.prefab using Guid(3c67b9d473036cd4a94eecdf37abbdaa) Importer(2089858483,192608db42251d675da83286b1cce702) (ScriptedImporter) -> (artifact id: '9d005af280f0ce86aa8b16cd1600826c') in 0.0052568 seconds
Number of updated asset objects reloaded before import = 0Number of asset objects unloaded after import = 10

========================================================================
Received Import Request.
  Time since last request: 8.557672 seconds.
  path: Assets/Sprites/Background/tilemap-backgrounds_11.asset
  artifactKey: Guid(d1ccbde689f3cfe408342061d9613098) Importer(2089858483,192608db42251d675da83286b1cce702)
Start importing Assets/Sprites/Background/tilemap-backgrounds_11.asset using Guid(d1ccbde689f3cfe408342061d9613098) Importer(2089858483,192608db42251d675da83286b1cce702) (ScriptedImporter) -> (artifact id: '74c3f2f17dad60f2a203aefca60ca799') in 0.0057447 seconds
Number of updated asset objects reloaded before import = 0Number of asset objects unloaded after import = 2

========================================================================
Received Import Request.
  Time since last request: 0.000028 seconds.
  path: Assets/Sprites/Background/Background.prefab
  artifactKey: Guid(3c67b9d473036cd4a94eecdf37abbdaa) Importer(2089858483,192608db42251d675da83286b1cce702)
Start importing Assets/Sprites/Background/Background.prefab using Guid(3c67b9d473036cd4a94eecdf37abbdaa) Importer(2089858483,192608db42251d675da83286b1cce702) (ScriptedImporter) -> (artifact id: '595676578ae272d7e9cbb5a0fcc7fad0') in 0.0053773 seconds
Number of updated asset objects reloaded before import = 0Number of asset objects unloaded after import = 10

========================================================================
Received Import Request.
  Time since last request: 0.000022 seconds.
  path: Assets/Sprites/Background/tilemap-backgrounds_8.asset
  artifactKey: Guid(f1b3c2b9e6f086c4dbba9c2ce996c39b) Importer(2089858483,192608db42251d675da83286b1cce702)
Start importing Assets/Sprites/Background/tilemap-backgrounds_8.asset using Guid(f1b3c2b9e6f086c4dbba9c2ce996c39b) Importer(2089858483,192608db42251d675da83286b1cce702) (ScriptedImporter) -> (artifact id: 'f739beb8354a2dd35afa0d4fed628ebc') in 0.0054485 seconds
Number of updated asset objects reloaded before import = 0Number of asset objects unloaded after import = 2

========================================================================
Received Import Request.
  Time since last request: 27.590857 seconds.
  path: Assets/Sprites/tilemap-backgrounds.png
  artifactKey: Guid(fff65660280e90f41b845ac82677eca2) Importer(815301076,1909f56bfc062723c751e8b465ee728b)
Start importing Assets/Sprites/tilemap-backgrounds.png using Guid(fff65660280e90f41b845ac82677eca2) Importer(815301076,1909f56bfc062723c751e8b465ee728b) (PreviewImporter) -> (artifact id: 'd66a572d9c00dbdf05a5729d774a8bb7') in 0.0282855 seconds
Number of updated asset objects reloaded before import = 0Number of asset objects unloaded after import = 26

========================================================================
Received Import Request.
  Time since last request: 15.211472 seconds.
  path: Assets/Sprites/tilemap-backgrounds.png
  artifactKey: Guid(fff65660280e90f41b845ac82677eca2) Importer(815301076,1909f56bfc062723c751e8b465ee728b)
Start importing Assets/Sprites/tilemap-backgrounds.png using Guid(fff65660280e90f41b845ac82677eca2) Importer(815301076,1909f56bfc062723c751e8b465ee728b) (PreviewImporter) -> (artifact id: '5ee9c82174c75fc0fbf3771799d0806d') in 0.0255337 seconds
Number of updated asset objects reloaded before import = 0Number of asset objects unloaded after import = 26

========================================================================
Received Import Request.
  Time since last request: 4.711095 seconds.
  path: Assets/Sprites/tilemap-backgrounds.png
  artifactKey: Guid(fff65660280e90f41b845ac82677eca2) Importer(815301076,1909f56bfc062723c751e8b465ee728b)
Start importing Assets/Sprites/tilemap-backgrounds.png using Guid(fff65660280e90f41b845ac82677eca2) Importer(815301076,1909f56bfc062723c751e8b465ee728b) (PreviewImporter) -> (artifact id: 'e457d663fc31d77066b86eaeb897950a') in 0.025507 seconds
Number of updated asset objects reloaded before import = 0Number of asset objects unloaded after import = 26

========================================================================
Received Import Request.
  Time since last request: 4.321187 seconds.
  path: Assets/Sprites/tilemap-backgrounds.png
  artifactKey: Guid(fff65660280e90f41b845ac82677eca2) Importer(815301076,1909f56bfc062723c751e8b465ee728b)
Start importing Assets/Sprites/tilemap-backgrounds.png using Guid(fff65660280e90f41b845ac82677eca2) Importer(815301076,1909f56bfc062723c751e8b465ee728b) (PreviewImporter) -> (artifact id: '5a68cb7b2f25bdb8dd1fd0e327d3e2de') in 0.0254988 seconds
Number of updated asset objects reloaded before import = 0Number of asset objects unloaded after import = 26

========================================================================
Received Import Request.
  Time since last request: 5.320950 seconds.
  path: Assets/Sprites/tilemap-backgrounds.png
  artifactKey: Guid(fff65660280e90f41b845ac82677eca2) Importer(815301076,1909f56bfc062723c751e8b465ee728b)
Start importing Assets/Sprites/tilemap-backgrounds.png using Guid(fff65660280e90f41b845ac82677eca2) Importer(815301076,1909f56bfc062723c751e8b465ee728b) (PreviewImporter) -> (artifact id: '8e703240df4d96acc253443e692485cb') in 0.0263968 seconds
Number of updated asset objects reloaded before import = 0Number of asset objects unloaded after import = 26

========================================================================
Received Import Request.
  Time since last request: 7.543197 seconds.
  path: Assets/Sprites/tilemap-backgrounds.png
  artifactKey: Guid(fff65660280e90f41b845ac82677eca2) Importer(815301076,1909f56bfc062723c751e8b465ee728b)
Start importing Assets/Sprites/tilemap-backgrounds.png using Guid(fff65660280e90f41b845ac82677eca2) Importer(815301076,1909f56bfc062723c751e8b465ee728b) (PreviewImporter) -> (artifact id: 'e79259c269015a8248df120fef770fec') in 0.0245444 seconds
Number of updated asset objects reloaded before import = 0Number of asset objects unloaded after import = 26

========================================================================
Received Import Request.
  Time since last request: 100.299158 seconds.
  path: Assets/Sprites/Background/tilemap-backgrounds_6.asset
  artifactKey: Guid(22fcbc6aef692c44a87d63f4758a71f6) Importer(2089858483,192608db42251d675da83286b1cce702)
Start importing Assets/Sprites/Background/tilemap-backgrounds_6.asset using Guid(22fcbc6aef692c44a87d63f4758a71f6) Importer(2089858483,192608db42251d675da83286b1cce702) (ScriptedImporter) -> (artifact id: '5a57521cbdc408764e63e9025fc7faa7') in 0.0064922 seconds
Number of updated asset objects reloaded before import = 0Number of asset objects unloaded after import = 2

========================================================================
Received Import Request.
  Time since last request: 0.000026 seconds.
  path: Assets/Sprites/Background/Background.prefab
  artifactKey: Guid(3c67b9d473036cd4a94eecdf37abbdaa) Importer(2089858483,192608db42251d675da83286b1cce702)
Start importing Assets/Sprites/Background/Background.prefab using Guid(3c67b9d473036cd4a94eecdf37abbdaa) Importer(2089858483,192608db42251d675da83286b1cce702) (ScriptedImporter) -> (artifact id: 'c975da033e1517019f8c45f19bff72b2') in 0.0097062 seconds
Number of updated asset objects reloaded before import = 0Number of asset objects unloaded after import = 10

========================================================================
Received Import Request.
  Time since last request: 0.000023 seconds.
  path: Assets/Sprites/Background/tilemap-backgrounds_19.asset
  artifactKey: Guid(d13fea8162aa2c34dac0f6bdd544ef84) Importer(2089858483,192608db42251d675da83286b1cce702)
Start importing Assets/Sprites/Background/tilemap-backgrounds_19.asset using Guid(d13fea8162aa2c34dac0f6bdd544ef84) Importer(2089858483,192608db42251d675da83286b1cce702) (ScriptedImporter) -> (artifact id: '0bb6356c3de9b2dc301083c3c0e3cf2f') in 0.0056112 seconds
Number of updated asset objects reloaded before import = 0Number of asset objects unloaded after import = 2

========================================================================
Received Import Request.
  Time since last request: 0.000025 seconds.
  path: Assets/Sprites/Background/tilemap-backgrounds_18.asset
  artifactKey: Guid(818e9d184ad7ee64894317bec3f684bc) Importer(2089858483,192608db42251d675da83286b1cce702)
Start importing Assets/Sprites/Background/tilemap-backgrounds_18.asset using Guid(818e9d184ad7ee64894317bec3f684bc) Importer(2089858483,192608db42251d675da83286b1cce702) (ScriptedImporter) -> (artifact id: '4952752c4d65f790fa7434f2e774dadf') in 0.0060365 seconds
Number of updated asset objects reloaded before import = 0Number of asset objects unloaded after import = 2

========================================================================
Received Import Request.
  Time since last request: 0.000037 seconds.
  path: Assets/Sprites/Background/tilemap-backgrounds_17.asset
  artifactKey: Guid(636c4bd905cd4a54992ef3022551c9ea) Importer(2089858483,192608db42251d675da83286b1cce702)
Start importing Assets/Sprites/Background/tilemap-backgrounds_17.asset using Guid(636c4bd905cd4a54992ef3022551c9ea) Importer(2089858483,192608db42251d675da83286b1cce702) (ScriptedImporter) -> (artifact id: '89f5e930814504ec4841e119799896cd') in 0.0053373 seconds
Number of updated asset objects reloaded before import = 0Number of asset objects unloaded after import = 2

========================================================================
Received Import Request.
  Time since last request: 0.000022 seconds.
  path: Assets/Sprites/Background/tilemap-backgrounds_7.asset
  artifactKey: Guid(01212d6db3ba34b41b598c85e1e3bca9) Importer(2089858483,192608db42251d675da83286b1cce702)
Start importing Assets/Sprites/Background/tilemap-backgrounds_7.asset using Guid(01212d6db3ba34b41b598c85e1e3bca9) Importer(2089858483,192608db42251d675da83286b1cce702) (ScriptedImporter) -> (artifact id: 'fba0ed40e87a404f33350237ce52ce3c') in 0.005656 seconds
Number of updated asset objects reloaded before import = 0Number of asset objects unloaded after import = 2

========================================================================
Received Import Request.
  Time since last request: 0.000019 seconds.
  path: Assets/Sprites/Background/tilemap-backgrounds_0.asset
  artifactKey: Guid(a7a88147f1bbbe840a17b49360942c20) Importer(2089858483,192608db42251d675da83286b1cce702)
Start importing Assets/Sprites/Background/tilemap-backgrounds_0.asset using Guid(a7a88147f1bbbe840a17b49360942c20) Importer(2089858483,192608db42251d675da83286b1cce702) (ScriptedImporter) -> (artifact id: '82204c990abf9b5d4243840178d38f5e') in 0.0054866 seconds
Number of updated asset objects reloaded before import = 0Number of asset objects unloaded after import = 2

========================================================================
Received Import Request.
  Time since last request: 0.000025 seconds.
  path: Assets/Sprites/Background/tilemap-backgrounds_1.asset
  artifactKey: Guid(679bb0be6ae526d46b3e55adf39ed820) Importer(2089858483,192608db42251d675da83286b1cce702)
Start importing Assets/Sprites/Background/tilemap-backgrounds_1.asset using Guid(679bb0be6ae526d46b3e55adf39ed820) Importer(2089858483,192608db42251d675da83286b1cce702) (ScriptedImporter) -> (artifact id: 'f6ce135e86de36fbd497d7c54ca828c6') in 0.0053767 seconds
Number of updated asset objects reloaded before import = 0Number of asset objects unloaded after import = 2

========================================================================
Received Import Request.
  Time since last request: 0.000028 seconds.
  path: Assets/Sprites/Background/tilemap-backgrounds_5.asset
  artifactKey: Guid(f80b17415940c524ea447822cda2aade) Importer(2089858483,192608db42251d675da83286b1cce702)
Start importing Assets/Sprites/Background/tilemap-backgrounds_5.asset using Guid(f80b17415940c524ea447822cda2aade) Importer(2089858483,192608db42251d675da83286b1cce702) (ScriptedImporter) -> (artifact id: '292885830715a66894a3b875daaf1dca') in 0.0052369 seconds
Number of updated asset objects reloaded before import = 0Number of asset objects unloaded after import = 2

Editor requested this worker to shutdown with reason: Scaling down because of idle timeout
AssetImportWorker is now disconnected from the server
Process exiting
Exiting without the bug reporter. Application will terminate with return code 0