Using pre-set license
Built from '6000.0/staging' branch; Version is '6000.0.33f1 (433b0a79340b) revision 4406026'; Using compiler version '193933523'; Build Type 'Release'
OS: 'Windows 10  (10.0.19045) 64bit Professional' Language: 'en' Physical Memory: 65462 MB
BatchMode: 1, IsHumanControllingUs: 0, StartBugReporterOnCrash: 0, Is64bit: 1, IsPro: 1

COMMAND LINE ARGUMENTS:
C:\Program Files\Unity\Hub\Editor\6000.0.33f1\Editor\Unity.exe
-adb2
-batchMode
-noUpm
-name
AssetImportWorker2
-projectPath
C:/Users/Public/Public Git/Portal_Teleporting-Demo/Portal-Teleport-Demo
-logFile
Logs/AssetImportWorker2.log
-srvPort
62315
-job-worker-count
7
-background-job-worker-count
8
-gc-helper-count
1
Successfully changed project path to: C:/Users/Public/Public Git/Portal_Teleporting-Demo/Portal-Teleport-Demo
C:/Users/Public/Public Git/Portal_Teleporting-Demo/Portal-Teleport-Demo
[UnityMemory] Configuration Parameters - Can be set up in boot.config
    "memorysetup-bucket-allocator-granularity=16"
    "memorysetup-bucket-allocator-bucket-count=8"
    "memorysetup-bucket-allocator-block-size=33554432"
    "memorysetup-bucket-allocator-block-count=8"
    "memorysetup-main-allocator-block-size=16777216"
    "memorysetup-thread-allocator-block-size=16777216"
    "memorysetup-gfx-main-allocator-block-size=16777216"
    "memorysetup-gfx-thread-allocator-block-size=16777216"
    "memorysetup-cache-allocator-block-size=4194304"
    "memorysetup-typetree-allocator-block-size=2097152"
    "memorysetup-profiler-bucket-allocator-granularity=16"
    "memorysetup-profiler-bucket-allocator-bucket-count=8"
    "memorysetup-profiler-bucket-allocator-block-size=33554432"
    "memorysetup-profiler-bucket-allocator-block-count=8"
    "memorysetup-profiler-allocator-block-size=16777216"
    "memorysetup-profiler-editor-allocator-block-size=1048576"
    "memorysetup-temp-allocator-size-main=16777216"
    "memorysetup-job-temp-allocator-block-size=2097152"
    "memorysetup-job-temp-allocator-block-size-background=1048576"
    "memorysetup-job-temp-allocator-reduction-small-platforms=262144"
    "memorysetup-allocator-temp-initial-block-size-main=262144"
    "memorysetup-allocator-temp-initial-block-size-worker=262144"
    "memorysetup-temp-allocator-size-background-worker=32768"
    "memorysetup-temp-allocator-size-job-worker=262144"
    "memorysetup-temp-allocator-size-preload-manager=33554432"
    "memorysetup-temp-allocator-size-nav-mesh-worker=65536"
    "memorysetup-temp-allocator-size-audio-worker=65536"
    "memorysetup-temp-allocator-size-cloud-worker=32768"
    "memorysetup-temp-allocator-size-gi-baking-worker=262144"
    "memorysetup-temp-allocator-size-gi-baking-worker=262144"
    "memorysetup-temp-allocator-size-gi-baking-worker=262144"
    "memorysetup-temp-allocator-size-gi-baking-worker=262144"
    "memorysetup-temp-allocator-size-gi-baking-worker=262144"
    "memorysetup-temp-allocator-size-gfx=262144"
Player connection [39992]  Target information:

Player connection [39992]  * "[IP] 192.168.159.57 [Port] 0 [Flags] 2 [Guid] 2289846913 [EditorId] 2289846913 [Version] 1048832 [Id] WindowsEditor(7,DESKTOP-MP6OB76) [Debug] 1 [PackageName] WindowsEditor [ProjectName] Editor" 

Player connection [39992]  * "[IP] 172.29.144.1 [Port] 0 [Flags] 2 [Guid] 2289846913 [EditorId] 2289846913 [Version] 1048832 [Id] WindowsEditor(7,DESKTOP-MP6OB76) [Debug] 1 [PackageName] WindowsEditor [ProjectName] Editor" 

Player connection [39992] Host joined multi-casting on [225.0.0.222:54997]...
Player connection [39992] Host joined alternative multi-casting on [225.0.0.222:34997]...
JobSystem: Creating JobQueue using job-worker-count value 7
[Physics::Module] Initialized fallback backend.
[Physics::Module] Id: 0xdecafbad
Library Redirect Path: Library/
[Physics::Module] Selected backend.
[Physics::Module] Name: PhysX
[Physics::Module] Id: 0xf2b8ea05
[Physics::Module] SDK Version: 4.1.2
[Physics::Module] Integration Version: 1.0.0
[Physics::Module] Threading Mode: Multi-Threaded
Refreshing native plugins compatible for Editor in 3.36 ms, found 4 plugins.
Preloading 0 native plugins for Editor in 0.00 ms.
Initialize engine version: 6000.0.33f1 (433b0a79340b)
[Subsystems] Discovering subsystems at path C:/Program Files/Unity/Hub/Editor/6000.0.33f1/Editor/Data/Resources/UnitySubsystems
[Subsystems] Discovering subsystems at path C:/Users/Public/Public Git/Portal_Teleporting-Demo/Portal-Teleport-Demo/Assets
GfxDevice: creating device client; kGfxThreadingModeNonThreaded
Direct3D:
    Version:  Direct3D 11.0 [level 11.1]
    Renderer: NVIDIA GeForce GT 1030 (ID=0x1d01)
    Vendor:   NVIDIA
    VRAM:     1967 MB
    Driver:   32.0.15.6094
Initialize mono
Mono path[0] = 'C:/Program Files/Unity/Hub/Editor/6000.0.33f1/Editor/Data/Managed'
Mono path[1] = 'C:/Program Files/Unity/Hub/Editor/6000.0.33f1/Editor/Data/MonoBleedingEdge/lib/mono/unityjit-win32'
Mono config path = 'C:/Program Files/Unity/Hub/Editor/6000.0.33f1/Editor/Data/MonoBleedingEdge/etc'
Using monoOptions --debugger-agent=transport=dt_socket,embedding=1,server=y,suspend=n,address=127.0.0.1:56508
Begin MonoManager ReloadAssembly
Registering precompiled unity dll's ...
Register platform support module: C:/Program Files/Unity/Hub/Editor/6000.0.33f1/Editor/Data/PlaybackEngines/WebGLSupport/UnityEditor.WebGL.Extensions.dll
Register platform support module: C:/Program Files/Unity/Hub/Editor/6000.0.33f1/Editor/Data/PlaybackEngines/WindowsStandaloneSupport/UnityEditor.WindowsStandalone.Extensions.dll
Registered in 0.004825 seconds.
- Loaded All Assemblies, in  0.345 seconds
Native extension for WindowsStandalone target not found
Native extension for WebGL target not found
Mono: successfully reloaded assembly
- Finished resetting the current domain, in  0.267 seconds
Domain Reload Profiling: 609ms
	BeginReloadAssembly (127ms)
		ExecutionOrderSort (0ms)
		DisableScriptedObjects (0ms)
		BackupInstance (0ms)
		ReleaseScriptingObjects (0ms)
		CreateAndSetChildDomain (1ms)
	RebuildCommonClasses (31ms)
	RebuildNativeTypeToScriptingClass (10ms)
	initialDomainReloadingComplete (48ms)
	LoadAllAssembliesAndSetupDomain (125ms)
		LoadAssemblies (123ms)
		RebuildTransferFunctionScriptingTraits (0ms)
		AnalyzeDomain (123ms)
			TypeCache.Refresh (121ms)
				TypeCache.ScanAssembly (111ms)
			BuildScriptInfoCaches (0ms)
			ResolveRequiredComponents (0ms)
	FinalizeReload (267ms)
		ReleaseScriptCaches (0ms)
		RebuildScriptCaches (0ms)
		SetupLoadedEditorAssemblies (232ms)
			LogAssemblyErrors (0ms)
			InitializePlatformSupportModulesInManaged (25ms)
			SetLoadedEditorAssemblies (4ms)
			BeforeProcessingInitializeOnLoad (41ms)
			ProcessInitializeOnLoadAttributes (118ms)
			ProcessInitializeOnLoadMethodAttributes (44ms)
			AfterProcessingInitializeOnLoad (0ms)
			EditorAssembliesLoaded (0ms)
		ExecutionOrderSort2 (0ms)
		AwakeInstancesAfterBackupRestoration (0ms)
========================================================================
Worker process is ready to serve import requests
Import Worker Mode flag is 0x00
Begin MonoManager ReloadAssembly
- Loaded All Assemblies, in  0.736 seconds
Refreshing native plugins compatible for Editor in 2.04 ms, found 4 plugins.
Native extension for WindowsStandalone target not found
Native extension for WebGL target not found
Mono: successfully reloaded assembly
- Finished resetting the current domain, in  0.685 seconds
Domain Reload Profiling: 1412ms
	BeginReloadAssembly (152ms)
		ExecutionOrderSort (0ms)
		DisableScriptedObjects (5ms)
		BackupInstance (0ms)
		ReleaseScriptingObjects (0ms)
		CreateAndSetChildDomain (26ms)
	RebuildCommonClasses (30ms)
	RebuildNativeTypeToScriptingClass (10ms)
	initialDomainReloadingComplete (37ms)
	LoadAllAssembliesAndSetupDomain (499ms)
		LoadAssemblies (350ms)
		RebuildTransferFunctionScriptingTraits (0ms)
		AnalyzeDomain (239ms)
			TypeCache.Refresh (156ms)
				TypeCache.ScanAssembly (141ms)
			BuildScriptInfoCaches (71ms)
			ResolveRequiredComponents (8ms)
	FinalizeReload (685ms)
		ReleaseScriptCaches (0ms)
		RebuildScriptCaches (0ms)
		SetupLoadedEditorAssemblies (556ms)
			LogAssemblyErrors (0ms)
			InitializePlatformSupportModulesInManaged (3ms)
			SetLoadedEditorAssemblies (4ms)
			BeforeProcessingInitializeOnLoad (107ms)
			ProcessInitializeOnLoadAttributes (340ms)
			ProcessInitializeOnLoadMethodAttributes (95ms)
			AfterProcessingInitializeOnLoad (8ms)
			EditorAssembliesLoaded (0ms)
		ExecutionOrderSort2 (0ms)
		AwakeInstancesAfterBackupRestoration (5ms)
Launched and connected shader compiler UnityShaderCompiler.exe after 0.01 seconds
Refreshing native plugins compatible for Editor in 2.04 ms, found 4 plugins.
Preloading 0 native plugins for Editor in 0.00 ms.
Unloading 206 Unused Serialized files (Serialized files now loaded: 0)
Unloading 6526 unused Assets / (3.8 MB). Loaded Objects now: 7224.
Memory consumption went from 171.4 MB to 167.6 MB.
Total: 7.220900 ms (FindLiveObjects: 0.718900 ms CreateObjectMapping: 0.333400 ms MarkObjects: 4.136300 ms  DeleteObjects: 2.031500 ms)

========================================================================
Received Import Request.
  Time since last request: 690490.699578 seconds.
  path: Assets/Sprites/New Rule Tile.asset
  artifactKey: Guid(9079e3f334a25674ba6e2d4a7076650b) Importer(815301076,1909f56bfc062723c751e8b465ee728b)
Start importing Assets/Sprites/New Rule Tile.asset using Guid(9079e3f334a25674ba6e2d4a7076650b) Importer(815301076,1909f56bfc062723c751e8b465ee728b) (PreviewImporter) -> (artifact id: '6142b771b7da55740c4cba4780d939a8') in 0.0292048 seconds
Number of updated asset objects reloaded before import = 0Number of asset objects unloaded after import = 1

========================================================================
Received Import Request.
  Time since last request: 0.929885 seconds.
  path: Assets/Sprites/New Rule Tile.asset
  artifactKey: Guid(9079e3f334a25674ba6e2d4a7076650b) Importer(2089858483,192608db42251d675da83286b1cce702)
Start importing Assets/Sprites/New Rule Tile.asset using Guid(9079e3f334a25674ba6e2d4a7076650b) Importer(2089858483,192608db42251d675da83286b1cce702) (ScriptedImporter) -> (artifact id: '215f6e58f39db6d30c8bcf852059618f') in 0.131123 seconds
Number of updated asset objects reloaded before import = 0Number of asset objects unloaded after import = 1

========================================================================
Received Import Request.
  Time since last request: 6.768238 seconds.
  path: Assets/Sprites/Terrain.asset
  artifactKey: Guid(9079e3f334a25674ba6e2d4a7076650b) Importer(815301076,1909f56bfc062723c751e8b465ee728b)
Start importing Assets/Sprites/Terrain.asset using Guid(9079e3f334a25674ba6e2d4a7076650b) Importer(815301076,1909f56bfc062723c751e8b465ee728b) (PreviewImporter) -> (artifact id: '28b82f7e00c7ccd06e59171e2cf0c007') in 0.0017546 seconds
Number of updated asset objects reloaded before import = 0Number of asset objects unloaded after import = 1

========================================================================
Received Import Request.
  Time since last request: 0.952136 seconds.
  path: Assets/Sprites/Terrain.asset
  artifactKey: Guid(9079e3f334a25674ba6e2d4a7076650b) Importer(2089858483,192608db42251d675da83286b1cce702)
Start importing Assets/Sprites/Terrain.asset using Guid(9079e3f334a25674ba6e2d4a7076650b) Importer(2089858483,192608db42251d675da83286b1cce702) (ScriptedImporter) -> (artifact id: '16fa805f685748fdcac21f4b1913389c') in 0.0038948 seconds
Number of updated asset objects reloaded before import = 0Number of asset objects unloaded after import = 1

========================================================================
Received Import Request.
  Time since last request: 59.769641 seconds.
  path: Assets/Sprites/tilemap.png
  artifactKey: Guid(9e70582c265265f4eba000945eb9ea49) Importer(815301076,1909f56bfc062723c751e8b465ee728b)
Start importing Assets/Sprites/tilemap.png using Guid(9e70582c265265f4eba000945eb9ea49) Importer(815301076,1909f56bfc062723c751e8b465ee728b) (PreviewImporter) -> (artifact id: '501480332d65108d2973eee4c897cd45') in 0.2264571 seconds
Number of updated asset objects reloaded before import = 0Number of asset objects unloaded after import = 182

========================================================================
Received Import Request.
  Time since last request: 293.830512 seconds.
  path: Assets/Sprites/New Palette.prefab
  artifactKey: Guid(c995ae0d04c484e4396581d1e4d53e9d) Importer(2089858483,192608db42251d675da83286b1cce702)
Start importing Assets/Sprites/New Palette.prefab using Guid(c995ae0d04c484e4396581d1e4d53e9d) Importer(2089858483,192608db42251d675da83286b1cce702) (ScriptedImporter) -> (artifact id: '7e860ef2612fce46a5b9664131229de6') in 0.0179204 seconds
Number of updated asset objects reloaded before import = 0Number of asset objects unloaded after import = 10

========================================================================
Received Import Request.
  Time since last request: 14.672798 seconds.
  path: Assets/Sprites/New Palette.prefab
  artifactKey: Guid(c995ae0d04c484e4396581d1e4d53e9d) Importer(815301076,1909f56bfc062723c751e8b465ee728b)
Start importing Assets/Sprites/New Palette.prefab using Guid(c995ae0d04c484e4396581d1e4d53e9d) Importer(815301076,1909f56bfc062723c751e8b465ee728b) (PreviewImporter) -> (artifact id: '222ad3403eb5640506546b328dff47da') in 0.3284262 seconds
Number of updated asset objects reloaded before import = 0Number of asset objects unloaded after import = 10

========================================================================
Received Import Request.
  Time since last request: 12.162412 seconds.
  path: Assets/Sprites/New Palette.prefab
  artifactKey: Guid(c995ae0d04c484e4396581d1e4d53e9d) Importer(815301076,1909f56bfc062723c751e8b465ee728b)
Start importing Assets/Sprites/New Palette.prefab using Guid(c995ae0d04c484e4396581d1e4d53e9d) Importer(815301076,1909f56bfc062723c751e8b465ee728b) (PreviewImporter) -> (artifact id: '36e1cb904ce88a52dcb3799c2051b624') in 0.0075808 seconds
Number of updated asset objects reloaded before import = 0Number of asset objects unloaded after import = 10

========================================================================
Received Import Request.
  Time since last request: 0.939938 seconds.
  path: Assets/Sprites/New Palette.prefab
  artifactKey: Guid(c995ae0d04c484e4396581d1e4d53e9d) Importer(2089858483,192608db42251d675da83286b1cce702)
Start importing Assets/Sprites/New Palette.prefab using Guid(c995ae0d04c484e4396581d1e4d53e9d) Importer(2089858483,192608db42251d675da83286b1cce702) (ScriptedImporter) -> (artifact id: '1a6b21547546f345e3c00b8475eaa848') in 0.0048864 seconds
Number of updated asset objects reloaded before import = 0Number of asset objects unloaded after import = 10

========================================================================
Received Import Request.
  Time since last request: 75.019558 seconds.
  path: Assets/Sprites/tilemap_77.asset
  artifactKey: Guid(767b20d825a52f748ac79c1b2e5a3e45) Importer(2089858483,192608db42251d675da83286b1cce702)
Start importing Assets/Sprites/tilemap_77.asset using Guid(767b20d825a52f748ac79c1b2e5a3e45) Importer(2089858483,192608db42251d675da83286b1cce702) (ScriptedImporter) -> (artifact id: '6552d41b1609114578d6e124fc352868') in 0.0091125 seconds
Number of updated asset objects reloaded before import = 0Number of asset objects unloaded after import = 2

========================================================================
Received Import Request.
  Time since last request: 0.000027 seconds.
  path: Assets/Sprites/tilemap_58.asset
  artifactKey: Guid(56622a42f031eca4781873160e54f333) Importer(2089858483,192608db42251d675da83286b1cce702)
Start importing Assets/Sprites/tilemap_58.asset using Guid(56622a42f031eca4781873160e54f333) Importer(2089858483,192608db42251d675da83286b1cce702) (ScriptedImporter) -> (artifact id: '7062dd9f56a96085d639485bf93096c2') in 0.0048388 seconds
Number of updated asset objects reloaded before import = 0Number of asset objects unloaded after import = 2

========================================================================
Received Import Request.
  Time since last request: 0.000025 seconds.
  path: Assets/Sprites/tilemap_38.asset
  artifactKey: Guid(64d1089d7c224484c840a0bee3ca87b6) Importer(2089858483,192608db42251d675da83286b1cce702)
Start importing Assets/Sprites/tilemap_38.asset using Guid(64d1089d7c224484c840a0bee3ca87b6) Importer(2089858483,192608db42251d675da83286b1cce702) (ScriptedImporter) -> (artifact id: 'aac818fa1382bf95c3c0f28c20e4b026') in 0.0048551 seconds
Number of updated asset objects reloaded before import = 0Number of asset objects unloaded after import = 2

========================================================================
Received Import Request.
  Time since last request: 0.000023 seconds.
  path: Assets/Sprites/tilemap_78.asset
  artifactKey: Guid(2f4b6c5463fc4304f86c134580b05b1d) Importer(2089858483,192608db42251d675da83286b1cce702)
Start importing Assets/Sprites/tilemap_78.asset using Guid(2f4b6c5463fc4304f86c134580b05b1d) Importer(2089858483,192608db42251d675da83286b1cce702) (ScriptedImporter) -> (artifact id: 'a911f0c92d228c7838609b9a7f4ae11c') in 0.0050931 seconds
Number of updated asset objects reloaded before import = 0Number of asset objects unloaded after import = 2

========================================================================
Received Import Request.
  Time since last request: 0.000029 seconds.
  path: Assets/Sprites/tilemap_56.asset
  artifactKey: Guid(1178cd4807703e44587dd0e7abb439c8) Importer(2089858483,192608db42251d675da83286b1cce702)
Start importing Assets/Sprites/tilemap_56.asset using Guid(1178cd4807703e44587dd0e7abb439c8) Importer(2089858483,192608db42251d675da83286b1cce702) (ScriptedImporter) -> (artifact id: '9b87849276a5433a6cecf52598343a76') in 0.0051116 seconds
Number of updated asset objects reloaded before import = 0Number of asset objects unloaded after import = 2

========================================================================
Received Import Request.
  Time since last request: 0.000034 seconds.
  path: Assets/Sprites/New Palette.prefab
  artifactKey: Guid(c995ae0d04c484e4396581d1e4d53e9d) Importer(2089858483,192608db42251d675da83286b1cce702)
Start importing Assets/Sprites/New Palette.prefab using Guid(c995ae0d04c484e4396581d1e4d53e9d) Importer(2089858483,192608db42251d675da83286b1cce702) (ScriptedImporter) -> (artifact id: '706a449f3bbab5a0954ed2e1cdec3d46') in 0.0075216 seconds
Number of updated asset objects reloaded before import = 0Number of asset objects unloaded after import = 10

========================================================================
Received Import Request.
  Time since last request: 0.000019 seconds.
  path: Assets/Sprites/tilemap_18.asset
  artifactKey: Guid(3b8d20ff60a6c654da884b6b3788d890) Importer(2089858483,192608db42251d675da83286b1cce702)
Start importing Assets/Sprites/tilemap_18.asset using Guid(3b8d20ff60a6c654da884b6b3788d890) Importer(2089858483,192608db42251d675da83286b1cce702) (ScriptedImporter) -> (artifact id: '38874a6772e2d4c3e6471ee9bb80fdf0') in 0.0060841 seconds
Number of updated asset objects reloaded before import = 0Number of asset objects unloaded after import = 2

========================================================================
Received Import Request.
  Time since last request: 0.000021 seconds.
  path: Assets/Sprites/tilemap_19.asset
  artifactKey: Guid(ee28cd3bf8f04c44da8dfc23a2f2b391) Importer(2089858483,192608db42251d675da83286b1cce702)
Start importing Assets/Sprites/tilemap_19.asset using Guid(ee28cd3bf8f04c44da8dfc23a2f2b391) Importer(2089858483,192608db42251d675da83286b1cce702) (ScriptedImporter) -> (artifact id: 'b191b5ebd577949d764e8aa08981023f') in 0.0053636 seconds
Number of updated asset objects reloaded before import = 0Number of asset objects unloaded after import = 2

========================================================================
Received Import Request.
  Time since last request: 0.000021 seconds.
  path: Assets/Sprites/tilemap_75.asset
  artifactKey: Guid(e009470cca88ccd4e8580d304ed2303b) Importer(2089858483,192608db42251d675da83286b1cce702)
Start importing Assets/Sprites/tilemap_75.asset using Guid(e009470cca88ccd4e8580d304ed2303b) Importer(2089858483,192608db42251d675da83286b1cce702) (ScriptedImporter) -> (artifact id: '54c004379078e480b93a20a4c48472a3') in 0.0054604 seconds
Number of updated asset objects reloaded before import = 0Number of asset objects unloaded after import = 2

========================================================================
Received Import Request.
  Time since last request: 0.000024 seconds.
  path: Assets/Sprites/tilemap_17.asset
  artifactKey: Guid(3ed827a15d1877c4a97876083ff0c006) Importer(2089858483,192608db42251d675da83286b1cce702)
Start importing Assets/Sprites/tilemap_17.asset using Guid(3ed827a15d1877c4a97876083ff0c006) Importer(2089858483,192608db42251d675da83286b1cce702) (ScriptedImporter) -> (artifact id: '03b25edb0ef3ed6e653782f0742bd4bd') in 0.0050238 seconds
Number of updated asset objects reloaded before import = 0Number of asset objects unloaded after import = 2

========================================================================
Received Import Request.
  Time since last request: 0.000023 seconds.
  path: Assets/Sprites/tilemap_36.asset
  artifactKey: Guid(57b942396fcb38d41a5cf76d7d1c435a) Importer(2089858483,192608db42251d675da83286b1cce702)
Start importing Assets/Sprites/tilemap_36.asset using Guid(57b942396fcb38d41a5cf76d7d1c435a) Importer(2089858483,192608db42251d675da83286b1cce702) (ScriptedImporter) -> (artifact id: '1e09a2316c69f50df82d222ef6686299') in 0.0063008 seconds
Number of updated asset objects reloaded before import = 0Number of asset objects unloaded after import = 2

Editor requested this worker to shutdown with reason: Scaling down because of idle timeout
AssetImportWorker is now disconnected from the server
Process exiting
Exiting without the bug reporter. Application will terminate with return code 0